<?xml version="1.0" encoding="UTF-8"?>
<!-- Generated by org.testng.reporters.JUnitXMLReporter -->
<testsuite hostname="Spectre" ignored="0" name="TestLQAS" tests="1" failures="1" timestamp="02 бер. 2017 18:38:05 GMT" time="16.148" errors="0">
  <testcase name="LoginTest" time="0.32" classname="login.LoginTest">
    <failure type="java.lang.StackOverflowError">
      <![CDATA[java.lang.StackOverflowError
	at java.lang.reflect.InvocationTargetException.<init>(InvocationTargetException.java:72)
	at sun.reflect.GeneratedConstructorAccessor10.newInstance(Unknown Source)
	at sun.reflect.DelegatingConstructorAccessorImpl.newInstance(DelegatingConstructorAccessorImpl.java:45)
	at java.lang.reflect.Constructor.newInstance(Constructor.java:423)
	at java.lang.Class.newInstance(Class.java:442)
	at org.openqa.selenium.support.PageFactory.instantiatePage(PageFactory.java:131)
	at org.openqa.selenium.support.PageFactory.initElements(PageFactory.java:64)
	at framework.pages.navigation.Navigation.<init>(Navigation.java:44)
	at sun.reflect.GeneratedConstructorAccessor10.newInstance(Unknown Source)
	at sun.reflect.DelegatingConstructorAccessorImpl.newInstance(DelegatingConstructorAccessorImpl.java:45)
	at java.lang.reflect.Constructor.newInstance(Constructor.java:423)
	at java.lang.Class.newInstance(Class.java:442)
	at org.openqa.selenium.support.PageFactory.instantiatePage(PageFactory.java:131)
	at org.openqa.selenium.support.PageFactory.initElements(PageFactory.java:64)
	at framework.pages.navigation.Navigation.<init>(Navigation.java:44)
	at sun.reflect.GeneratedConstructorAccessor10.newInstance(Unknown Source)
	at sun.reflect.DelegatingConstructorAccessorImpl.newInstance(DelegatingConstructorAccessorImpl.java:45)
	at java.lang.reflect.Constructor.newInstance(Constructor.java:423)
	at java.lang.Class.newInstance(Class.java:442)
	at org.openqa.selenium.support.PageFactory.instantiatePage(PageFactory.java:131)
	at org.openqa.selenium.support.PageFactory.initElements(PageFactory.java:64)
	at framework.pages.navigation.Navigation.<init>(Navigation.java:44)
	at sun.reflect.GeneratedConstructorAccessor10.newInstance(Unknown Source)
	at sun.reflect.DelegatingConstructorAccessorImpl.newInstance(DelegatingConstructorAccessorImpl.java:45)
	at java.lang.reflect.Constructor.newInstance(Constructor.java:423)
	at java.lang.Class.newInstance(Class.java:442)
	at org.openqa.selenium.support.PageFactory.instantiatePage(PageFactory.java:131)
	at org.openqa.selenium.support.PageFactory.initElements(PageFactory.java:64)
	at framework.pages.navigation.Navigation.<init>(Navigation.java:44)
	at sun.reflect.GeneratedConstructorAccessor10.newInstance(Unknown Source)
	at sun.reflect.DelegatingConstructorAccessorImpl.newInstance(DelegatingConstructorAccessorImpl.java:45)
	at java.lang.reflect.Constructor.newInstance(Constructor.java:423)
	at java.lang.Class.newInstance(Class.java:442)
	at org.openqa.selenium.support.PageFactory.instantiatePage(PageFactory.java:131)
	at org.openqa.selenium.support.PageFactory.initElements(PageFactory.java:64)
	at framework.pages.navigation.Navigation.<init>(Navigation.java:44)
	at sun.reflect.GeneratedConstructorAccessor10.newInstance(Unknown Source)
	at sun.reflect.DelegatingConstructorAccessorImpl.newInstance(DelegatingConstructorAccessorImpl.java:45)
	at java.lang.reflect.Constructor.newInstance(Constructor.java:423)
	at java.lang.Class.newInstance(Class.java:442)
	at org.openqa.selenium.support.PageFactory.instantiatePage(PageFactory.java:131)
	at org.openqa.selenium.support.PageFactory.initElements(PageFactory.java:64)
	at framework.pages.navigation.Navigation.<init>(Navigation.java:44)
	at sun.reflect.GeneratedConstructorAccessor10.newInstance(Unknown Source)
	at sun.reflect.DelegatingConstructorAccessorImpl.newInstance(DelegatingConstructorAccessorImpl.java:45)
	at java.lang.reflect.Constructor.newInstance(Constructor.java:423)
	at java.lang.Class.newInstance(Class.java:442)
	at org.openqa.selenium.support.PageFactory.instantiatePage(PageFactory.java:131)
	at org.openqa.selenium.support.PageFactory.initElements(PageFactory.java:64)
	at framework.pages.navigation.Navigation.<init>(Navigation.java:44)
	at sun.reflect.GeneratedConstructorAccessor10.newInstance(Unknown Source)
	at sun.reflect.DelegatingConstructorAccessorImpl.newInstance(DelegatingConstructorAccessorImpl.java:45)
	at java.lang.reflect.Constructor.newInstance(Constructor.java:423)
	at java.lang.Class.newInstance(Class.java:442)
	at org.openqa.selenium.support.PageFactory.instantiatePage(PageFactory.java:131)
	at org.openqa.selenium.support.PageFactory.initElements(PageFactory.java:64)
	at framework.pages.navigation.Navigation.<init>(Navigation.java:44)
	at sun.reflect.GeneratedConstructorAccessor10.newInstance(Unknown Source)
	at sun.reflect.DelegatingConstructorAccessorImpl.newInstance(DelegatingConstructorAccessorImpl.java:45)
	at java.lang.reflect.Constructor.newInstance(Constructor.java:423)
	at java.lang.Class.newInstance(Class.java:442)
	at org.openqa.selenium.support.PageFactory.instantiatePage(PageFactory.java:131)
	at org.openqa.selenium.support.PageFactory.initElements(PageFactory.java:64)
	at framework.pages.navigation.Navigation.<init>(Navigation.java:44)
	at sun.reflect.GeneratedConstructorAccessor10.newInstance(Unknown Source)
	at sun.reflect.DelegatingConstructorAccessorImpl.newInstance(DelegatingConstructorAccessorImpl.java:45)
	at java.lang.reflect.Constructor.newInstance(Constructor.java:423)
	at java.lang.Class.newInstance(Class.java:442)
	at org.openqa.selenium.support.PageFactory.instantiatePage(PageFactory.java:131)
	at org.openqa.selenium.support.PageFactory.initElements(PageFactory.java:64)
	at framework.pages.navigation.Navigation.<init>(Navigation.java:44)
	at sun.reflect.GeneratedConstructorAccessor10.newInstance(Unknown Source)
	at sun.reflect.DelegatingConstructorAccessorImpl.newInstance(DelegatingConstructorAccessorImpl.java:45)
	at java.lang.reflect.Constructor.newInstance(Constructor.java:423)
	at java.lang.Class.newInstance(Class.java:442)
	at org.openqa.selenium.support.PageFactory.instantiatePage(PageFactory.java:131)
	at org.openqa.selenium.support.PageFactory.initElements(PageFactory.java:64)
	at framework.pages.navigation.Navigation.<init>(Navigation.java:44)
	at sun.reflect.GeneratedConstructorAccessor10.newInstance(Unknown Source)
	at sun.reflect.DelegatingConstructorAccessorImpl.newInstance(DelegatingConstructorAccessorImpl.java:45)
	at java.lang.reflect.Constructor.newInstance(Constructor.java:423)
	at java.lang.Class.newInstance(Class.java:442)
	at org.openqa.selenium.support.PageFactory.instantiatePage(PageFactory.java:131)
	at org.openqa.selenium.support.PageFactory.initElements(PageFactory.java:64)
	at framework.pages.navigation.Navigation.<init>(Navigation.java:44)
	at sun.reflect.GeneratedConstructorAccessor10.newInstance(Unknown Source)
	at sun.reflect.DelegatingConstructorAccessorImpl.newInstance(DelegatingConstructorAccessorImpl.java:45)
	at java.lang.reflect.Constructor.newInstance(Constructor.java:423)
	at java.lang.Class.newInstance(Class.java:442)
	at org.openqa.selenium.support.PageFactory.instantiatePage(PageFactory.java:131)
	at org.openqa.selenium.support.PageFactory.initElements(PageFactory.java:64)
	at framework.pages.navigation.Navigation.<init>(Navigation.java:44)
	at sun.reflect.GeneratedConstructorAccessor10.newInstance(Unknown Source)
	at sun.reflect.DelegatingConstructorAccessorImpl.newInstance(DelegatingConstructorAccessorImpl.java:45)
	at java.lang.reflect.Constructor.newInstance(Constructor.java:423)
	at java.lang.Class.newInstance(Class.java:442)
	at org.openqa.selenium.support.PageFactory.instantiatePage(PageFactory.java:131)
	at org.openqa.selenium.support.PageFactory.initElements(PageFactory.java:64)
	at framework.pages.navigation.Navigation.<init>(Navigation.java:44)
	at sun.reflect.GeneratedConstructorAccessor10.newInstance(Unknown Source)
	at sun.reflect.DelegatingConstructorAccessorImpl.newInstance(DelegatingConstructorAccessorImpl.java:45)
	at java.lang.reflect.Constructor.newInstance(Constructor.java:423)
	at java.lang.Class.newInstance(Class.java:442)
	at org.openqa.selenium.support.PageFactory.instantiatePage(PageFactory.java:131)
	at org.openqa.selenium.support.PageFactory.initElements(PageFactory.java:64)
	at framework.pages.navigation.Navigation.<init>(Navigation.java:44)
	at sun.reflect.GeneratedConstructorAccessor10.newInstance(Unknown Source)
	at sun.reflect.DelegatingConstructorAccessorImpl.newInstance(DelegatingConstructorAccessorImpl.java:45)
	at java.lang.reflect.Constructor.newInstance(Constructor.java:423)
	at java.lang.Class.newInstance(Class.java:442)
	at org.openqa.selenium.support.PageFactory.instantiatePage(PageFactory.java:131)
	at org.openqa.selenium.support.PageFactory.initElements(PageFactory.java:64)
	at framework.pages.navigation.Navigation.<init>(Navigation.java:44)
	at sun.reflect.GeneratedConstructorAccessor10.newInstance(Unknown Source)
	at sun.reflect.DelegatingConstructorAccessorImpl.newInstance(DelegatingConstructorAccessorImpl.java:45)
	at java.lang.reflect.Constructor.newInstance(Constructor.java:423)
	at java.lang.Class.newInstance(Class.java:442)
	at org.openqa.selenium.support.PageFactory.instantiatePage(PageFactory.java:131)
	at org.openqa.selenium.support.PageFactory.initElements(PageFactory.java:64)
	at framework.pages.navigation.Navigation.<init>(Navigation.java:44)
	at sun.reflect.GeneratedConstructorAccessor10.newInstance(Unknown Source)
	at sun.reflect.DelegatingConstructorAccessorImpl.newInstance(DelegatingConstructorAccessorImpl.java:45)
	at java.lang.reflect.Constructor.newInstance(Constructor.java:423)
	at java.lang.Class.newInstance(Class.java:442)
	at org.openqa.selenium.support.PageFactory.instantiatePage(PageFactory.java:131)
	at org.openqa.selenium.support.PageFactory.initElements(PageFactory.java:64)
	at framework.pages.navigation.Navigation.<init>(Navigation.java:44)
	at sun.reflect.GeneratedConstructorAccessor10.newInstance(Unknown Source)
	at sun.reflect.DelegatingConstructorAccessorImpl.newInstance(DelegatingConstructorAccessorImpl.java:45)
	at java.lang.reflect.Constructor.newInstance(Constructor.java:423)
	at java.lang.Class.newInstance(Class.java:442)
	at org.openqa.selenium.support.PageFactory.instantiatePage(PageFactory.java:131)
	at org.openqa.selenium.support.PageFactory.initElements(PageFactory.java:64)
	at framework.pages.navigation.Navigation.<init>(Navigation.java:44)
	at sun.reflect.GeneratedConstructorAccessor10.newInstance(Unknown Source)
	at sun.reflect.DelegatingConstructorAccessorImpl.newInstance(DelegatingConstructorAccessorImpl.java:45)
	at java.lang.reflect.Constructor.newInstance(Constructor.java:423)
	at java.lang.Class.newInstance(Class.java:442)
	at org.openqa.selenium.support.PageFactory.instantiatePage(PageFactory.java:131)
	at org.openqa.selenium.support.PageFactory.initElements(PageFactory.java:64)
	at framework.pages.navigation.Navigation.<init>(Navigation.java:44)
	at sun.reflect.GeneratedConstructorAccessor10.newInstance(Unknown Source)
	at sun.reflect.DelegatingConstructorAccessorImpl.newInstance(DelegatingConstructorAccessorImpl.java:45)
	at java.lang.reflect.Constructor.newInstance(Constructor.java:423)
	at java.lang.Class.newInstance(Class.java:442)
	at org.openqa.selenium.support.PageFactory.instantiatePage(PageFactory.java:131)
	at org.openqa.selenium.support.PageFactory.initElements(PageFactory.java:64)
	at framework.pages.navigation.Navigation.<init>(Navigation.java:44)
	at sun.reflect.GeneratedConstructorAccessor10.newInstance(Unknown Source)
	at sun.reflect.DelegatingConstructorAccessorImpl.newInstance(DelegatingConstructorAccessorImpl.java:45)
	at java.lang.reflect.Constructor.newInstance(Constructor.java:423)
	at java.lang.Class.newInstance(Class.java:442)
	at org.openqa.selenium.support.PageFactory.instantiatePage(PageFactory.java:131)
	at org.openqa.selenium.support.PageFactory.initElements(PageFactory.java:64)
	at framework.pages.navigation.Navigation.<init>(Navigation.java:44)
	at sun.reflect.GeneratedConstructorAccessor10.newInstance(Unknown Source)
	at sun.reflect.DelegatingConstructorAccessorImpl.newInstance(DelegatingConstructorAccessorImpl.java:45)
	at java.lang.reflect.Constructor.newInstance(Constructor.java:423)
	at java.lang.Class.newInstance(Class.java:442)
	at org.openqa.selenium.support.PageFactory.instantiatePage(PageFactory.java:131)
	at org.openqa.selenium.support.PageFactory.initElements(PageFactory.java:64)
	at framework.pages.navigation.Navigation.<init>(Navigation.java:44)
	at sun.reflect.GeneratedConstructorAccessor10.newInstance(Unknown Source)
	at sun.reflect.DelegatingConstructorAccessorImpl.newInstance(DelegatingConstructorAccessorImpl.java:45)
	at java.lang.reflect.Constructor.newInstance(Constructor.java:423)
	at java.lang.Class.newInstance(Class.java:442)
	at org.openqa.selenium.support.PageFactory.instantiatePage(PageFactory.java:131)
	at org.openqa.selenium.support.PageFactory.initElements(PageFactory.java:64)
	at framework.pages.navigation.Navigation.<init>(Navigation.java:44)
	at sun.reflect.GeneratedConstructorAccessor10.newInstance(Unknown Source)
	at sun.reflect.DelegatingConstructorAccessorImpl.newInstance(DelegatingConstructorAccessorImpl.java:45)
	at java.lang.reflect.Constructor.newInstance(Constructor.java:423)
	at java.lang.Class.newInstance(Class.java:442)
	at org.openqa.selenium.support.PageFactory.instantiatePage(PageFactory.java:131)
	at org.openqa.selenium.support.PageFactory.initElements(PageFactory.java:64)
	at framework.pages.navigation.Navigation.<init>(Navigation.java:44)
	at sun.reflect.GeneratedConstructorAccessor10.newInstance(Unknown Source)
	at sun.reflect.DelegatingConstructorAccessorImpl.newInstance(DelegatingConstructorAccessorImpl.java:45)
	at java.lang.reflect.Constructor.newInstance(Constructor.java:423)
	at java.lang.Class.newInstance(Class.java:442)
	at org.openqa.selenium.support.PageFactory.instantiatePage(PageFactory.java:131)
	at org.openqa.selenium.support.PageFactory.initElements(PageFactory.java:64)
	at framework.pages.navigation.Navigation.<init>(Navigation.java:44)
	at sun.reflect.GeneratedConstructorAccessor10.newInstance(Unknown Source)
	at sun.reflect.DelegatingConstructorAccessorImpl.newInstance(DelegatingConstructorAccessorImpl.java:45)
	at java.lang.reflect.Constructor.newInstance(Constructor.java:423)
	at java.lang.Class.newInstance(Class.java:442)
	at org.openqa.selenium.support.PageFactory.instantiatePage(PageFactory.java:131)
	at org.openqa.selenium.support.PageFactory.initElements(PageFactory.java:64)
	at framework.pages.navigation.Navigation.<init>(Navigation.java:44)
	at sun.reflect.GeneratedConstructorAccessor10.newInstance(Unknown Source)
	at sun.reflect.DelegatingConstructorAccessorImpl.newInstance(DelegatingConstructorAccessorImpl.java:45)
	at java.lang.reflect.Constructor.newInstance(Constructor.java:423)
	at java.lang.Class.newInstance(Class.java:442)
	at org.openqa.selenium.support.PageFactory.instantiatePage(PageFactory.java:131)
	at org.openqa.selenium.support.PageFactory.initElements(PageFactory.java:64)
	at framework.pages.navigation.Navigation.<init>(Navigation.java:44)
	at sun.reflect.GeneratedConstructorAccessor10.newInstance(Unknown Source)
	at sun.reflect.DelegatingConstructorAccessorImpl.newInstance(DelegatingConstructorAccessorImpl.java:45)
	at java.lang.reflect.Constructor.newInstance(Constructor.java:423)
	at java.lang.Class.newInstance(Class.java:442)
	at org.openqa.selenium.support.PageFactory.instantiatePage(PageFactory.java:131)
	at org.openqa.selenium.support.PageFactory.initElements(PageFactory.java:64)
	at framework.pages.navigation.Navigation.<init>(Navigation.java:44)
	at sun.reflect.GeneratedConstructorAccessor10.newInstance(Unknown Source)
	at sun.reflect.DelegatingConstructorAccessorImpl.newInstance(DelegatingConstructorAccessorImpl.java:45)
	at java.lang.reflect.Constructor.newInstance(Constructor.java:423)
	at java.lang.Class.newInstance(Class.java:442)
	at org.openqa.selenium.support.PageFactory.instantiatePage(PageFactory.java:131)
	at org.openqa.selenium.support.PageFactory.initElements(PageFactory.java:64)
	at framework.pages.navigation.Navigation.<init>(Navigation.java:44)
	at sun.reflect.GeneratedConstructorAccessor10.newInstance(Unknown Source)
	at sun.reflect.DelegatingConstructorAccessorImpl.newInstance(DelegatingConstructorAccessorImpl.java:45)
	at java.lang.reflect.Constructor.newInstance(Constructor.java:423)
	at java.lang.Class.newInstance(Class.java:442)
	at org.openqa.selenium.support.PageFactory.instantiatePage(PageFactory.java:131)
	at org.openqa.selenium.support.PageFactory.initElements(PageFactory.java:64)
	at framework.pages.navigation.Navigation.<init>(Navigation.java:44)
	at sun.reflect.GeneratedConstructorAccessor10.newInstance(Unknown Source)
	at sun.reflect.DelegatingConstructorAccessorImpl.newInstance(DelegatingConstructorAccessorImpl.java:45)
	at java.lang.reflect.Constructor.newInstance(Constructor.java:423)
	at java.lang.Class.newInstance(Class.java:442)
	at org.openqa.selenium.support.PageFactory.instantiatePage(PageFactory.java:131)
	at org.openqa.selenium.support.PageFactory.initElements(PageFactory.java:64)
	at framework.pages.navigation.Navigation.<init>(Navigation.java:44)
	at sun.reflect.GeneratedConstructorAccessor10.newInstance(Unknown Source)
	at sun.reflect.DelegatingConstructorAccessorImpl.newInstance(DelegatingConstructorAccessorImpl.java:45)
	at java.lang.reflect.Constructor.newInstance(Constructor.java:423)
	at java.lang.Class.newInstance(Class.java:442)
	at org.openqa.selenium.support.PageFactory.instantiatePage(PageFactory.java:131)
	at org.openqa.selenium.support.PageFactory.initElements(PageFactory.java:64)
	at framework.pages.navigation.Navigation.<init>(Navigation.java:44)
	at sun.reflect.GeneratedConstructorAccessor10.newInstance(Unknown Source)
	at sun.reflect.DelegatingConstructorAccessorImpl.newInstance(DelegatingConstructorAccessorImpl.java:45)
	at java.lang.reflect.Constructor.newInstance(Constructor.java:423)
	at java.lang.Class.newInstance(Class.java:442)
	at org.openqa.selenium.support.PageFactory.instantiatePage(PageFactory.java:131)
	at org.openqa.selenium.support.PageFactory.initElements(PageFactory.java:64)
	at framework.pages.navigation.Navigation.<init>(Navigation.java:44)
	at sun.reflect.GeneratedConstructorAccessor10.newInstance(Unknown Source)
	at sun.reflect.DelegatingConstructorAccessorImpl.newInstance(DelegatingConstructorAccessorImpl.java:45)
	at java.lang.reflect.Constructor.newInstance(Constructor.java:423)
	at java.lang.Class.newInstance(Class.java:442)
	at org.openqa.selenium.support.PageFactory.instantiatePage(PageFactory.java:131)
	at org.openqa.selenium.support.PageFactory.initElements(PageFactory.java:64)
	at framework.pages.navigation.Navigation.<init>(Navigation.java:44)
	at sun.reflect.GeneratedConstructorAccessor10.newInstance(Unknown Source)
	at sun.reflect.DelegatingConstructorAccessorImpl.newInstance(DelegatingConstructorAccessorImpl.java:45)
	at java.lang.reflect.Constructor.newInstance(Constructor.java:423)
	at java.lang.Class.newInstance(Class.java:442)
	at org.openqa.selenium.support.PageFactory.instantiatePage(PageFactory.java:131)
	at org.openqa.selenium.support.PageFactory.initElements(PageFactory.java:64)
	at framework.pages.navigation.Navigation.<init>(Navigation.java:44)
	at sun.reflect.GeneratedConstructorAccessor10.newInstance(Unknown Source)
	at sun.reflect.DelegatingConstructorAccessorImpl.newInstance(DelegatingConstructorAccessorImpl.java:45)
	at java.lang.reflect.Constructor.newInstance(Constructor.java:423)
	at java.lang.Class.newInstance(Class.java:442)
	at org.openqa.selenium.support.PageFactory.instantiatePage(PageFactory.java:131)
	at org.openqa.selenium.support.PageFactory.initElements(PageFactory.java:64)
	at framework.pages.navigation.Navigation.<init>(Navigation.java:44)
	at sun.reflect.GeneratedConstructorAccessor10.newInstance(Unknown Source)
	at sun.reflect.DelegatingConstructorAccessorImpl.newInstance(DelegatingConstructorAccessorImpl.java:45)
	at java.lang.reflect.Constructor.newInstance(Constructor.java:423)
	at java.lang.Class.newInstance(Class.java:442)
	at org.openqa.selenium.support.PageFactory.instantiatePage(PageFactory.java:131)
	at org.openqa.selenium.support.PageFactory.initElements(PageFactory.java:64)
	at framework.pages.navigation.Navigation.<init>(Navigation.java:44)
	at sun.reflect.GeneratedConstructorAccessor10.newInstance(Unknown Source)
	at sun.reflect.DelegatingConstructorAccessorImpl.newInstance(DelegatingConstructorAccessorImpl.java:45)
	at java.lang.reflect.Constructor.newInstance(Constructor.java:423)
	at java.lang.Class.newInstance(Class.java:442)
	at org.openqa.selenium.support.PageFactory.instantiatePage(PageFactory.java:131)
	at org.openqa.selenium.support.PageFactory.initElements(PageFactory.java:64)
	at framework.pages.navigation.Navigation.<init>(Navigation.java:44)
	at sun.reflect.GeneratedConstructorAccessor10.newInstance(Unknown Source)
	at sun.reflect.DelegatingConstructorAccessorImpl.newInstance(DelegatingConstructorAccessorImpl.java:45)
	at java.lang.reflect.Constructor.newInstance(Constructor.java:423)
	at java.lang.Class.newInstance(Class.java:442)
	at org.openqa.selenium.support.PageFactory.instantiatePage(PageFactory.java:131)
	at org.openqa.selenium.support.PageFactory.initElements(PageFactory.java:64)
	at framework.pages.navigation.Navigation.<init>(Navigation.java:44)
	at sun.reflect.GeneratedConstructorAccessor10.newInstance(Unknown Source)
	at sun.reflect.DelegatingConstructorAccessorImpl.newInstance(DelegatingConstructorAccessorImpl.java:45)
	at java.lang.reflect.Constructor.newInstance(Constructor.java:423)
	at java.lang.Class.newInstance(Class.java:442)
	at org.openqa.selenium.support.PageFactory.instantiatePage(PageFactory.java:131)
	at org.openqa.selenium.support.PageFactory.initElements(PageFactory.java:64)
	at framework.pages.navigation.Navigation.<init>(Navigation.java:44)
	at sun.reflect.GeneratedConstructorAccessor10.newInstance(Unknown Source)
	at sun.reflect.DelegatingConstructorAccessorImpl.newInstance(DelegatingConstructorAccessorImpl.java:45)
	at java.lang.reflect.Constructor.newInstance(Constructor.java:423)
	at java.lang.Class.newInstance(Class.java:442)
	at org.openqa.selenium.support.PageFactory.instantiatePage(PageFactory.java:131)
	at org.openqa.selenium.support.PageFactory.initElements(PageFactory.java:64)
	at framework.pages.navigation.Navigation.<init>(Navigation.java:44)
	at sun.reflect.GeneratedConstructorAccessor10.newInstance(Unknown Source)
	at sun.reflect.DelegatingConstructorAccessorImpl.newInstance(DelegatingConstructorAccessorImpl.java:45)
	at java.lang.reflect.Constructor.newInstance(Constructor.java:423)
	at java.lang.Class.newInstance(Class.java:442)
	at org.openqa.selenium.support.PageFactory.instantiatePage(PageFactory.java:131)
	at org.openqa.selenium.support.PageFactory.initElements(PageFactory.java:64)
	at framework.pages.navigation.Navigation.<init>(Navigation.java:44)
	at sun.reflect.GeneratedConstructorAccessor10.newInstance(Unknown Source)
	at sun.reflect.DelegatingConstructorAccessorImpl.newInstance(DelegatingConstructorAccessorImpl.java:45)
	at java.lang.reflect.Constructor.newInstance(Constructor.java:423)
	at java.lang.Class.newInstance(Class.java:442)
	at org.openqa.selenium.support.PageFactory.instantiatePage(PageFactory.java:131)
	at org.openqa.selenium.support.PageFactory.initElements(PageFactory.java:64)
	at framework.pages.navigation.Navigation.<init>(Navigation.java:44)
	at sun.reflect.GeneratedConstructorAccessor10.newInstance(Unknown Source)
	at sun.reflect.DelegatingConstructorAccessorImpl.newInstance(DelegatingConstructorAccessorImpl.java:45)
	at java.lang.reflect.Constructor.newInstance(Constructor.java:423)
	at java.lang.Class.newInstance(Class.java:442)
	at org.openqa.selenium.support.PageFactory.instantiatePage(PageFactory.java:131)
	at org.openqa.selenium.support.PageFactory.initElements(PageFactory.java:64)
	at framework.pages.navigation.Navigation.<init>(Navigation.java:44)
	at sun.reflect.GeneratedConstructorAccessor10.newInstance(Unknown Source)
	at sun.reflect.DelegatingConstructorAccessorImpl.newInstance(DelegatingConstructorAccessorImpl.java:45)
	at java.lang.reflect.Constructor.newInstance(Constructor.java:423)
	at java.lang.Class.newInstance(Class.java:442)
	at org.openqa.selenium.support.PageFactory.instantiatePage(PageFactory.java:131)
	at org.openqa.selenium.support.PageFactory.initElements(PageFactory.java:64)
	at framework.pages.navigation.Navigation.<init>(Navigation.java:44)
	at sun.reflect.GeneratedConstructorAccessor10.newInstance(Unknown Source)
	at sun.reflect.DelegatingConstructorAccessorImpl.newInstance(DelegatingConstructorAccessorImpl.java:45)
	at java.lang.reflect.Constructor.newInstance(Constructor.java:423)
	at java.lang.Class.newInstance(Class.java:442)
	at org.openqa.selenium.support.PageFactory.instantiatePage(PageFactory.java:131)
	at org.openqa.selenium.support.PageFactory.initElements(PageFactory.java:64)
	at framework.pages.navigation.Navigation.<init>(Navigation.java:44)
	at sun.reflect.GeneratedConstructorAccessor10.newInstance(Unknown Source)
	at sun.reflect.DelegatingConstructorAccessorImpl.newInstance(DelegatingConstructorAccessorImpl.java:45)
	at java.lang.reflect.Constructor.newInstance(Constructor.java:423)
	at java.lang.Class.newInstance(Class.java:442)
	at org.openqa.selenium.support.PageFactory.instantiatePage(PageFactory.java:131)
	at org.openqa.selenium.support.PageFactory.initElements(PageFactory.java:64)
	at framework.pages.navigation.Navigation.<init>(Navigation.java:44)
	at sun.reflect.GeneratedConstructorAccessor10.newInstance(Unknown Source)
	at sun.reflect.DelegatingConstructorAccessorImpl.newInstance(DelegatingConstructorAccessorImpl.java:45)
	at java.lang.reflect.Constructor.newInstance(Constructor.java:423)
	at java.lang.Class.newInstance(Class.java:442)
	at org.openqa.selenium.support.PageFactory.instantiatePage(PageFactory.java:131)
	at org.openqa.selenium.support.PageFactory.initElements(PageFactory.java:64)
	at framework.pages.navigation.Navigation.<init>(Navigation.java:44)
	at sun.reflect.GeneratedConstructorAccessor10.newInstance(Unknown Source)
	at sun.reflect.DelegatingConstructorAccessorImpl.newInstance(DelegatingConstructorAccessorImpl.java:45)
	at java.lang.reflect.Constructor.newInstance(Constructor.java:423)
	at java.lang.Class.newInstance(Class.java:442)
	at org.openqa.selenium.support.PageFactory.instantiatePage(PageFactory.java:131)
	at org.openqa.selenium.support.PageFactory.initElements(PageFactory.java:64)
	at framework.pages.navigation.Navigation.<init>(Navigation.java:44)
	at sun.reflect.GeneratedConstructorAccessor10.newInstance(Unknown Source)
	at sun.reflect.DelegatingConstructorAccessorImpl.newInstance(DelegatingConstructorAccessorImpl.java:45)
	at java.lang.reflect.Constructor.newInstance(Constructor.java:423)
	at java.lang.Class.newInstance(Class.java:442)
	at org.openqa.selenium.support.PageFactory.instantiatePage(PageFactory.java:131)
	at org.openqa.selenium.support.PageFactory.initElements(PageFactory.java:64)
	at framework.pages.navigation.Navigation.<init>(Navigation.java:44)
	at sun.reflect.GeneratedConstructorAccessor10.newInstance(Unknown Source)
	at sun.reflect.DelegatingConstructorAccessorImpl.newInstance(DelegatingConstructorAccessorImpl.java:45)
	at java.lang.reflect.Constructor.newInstance(Constructor.java:423)
	at java.lang.Class.newInstance(Class.java:442)
	at org.openqa.selenium.support.PageFactory.instantiatePage(PageFactory.java:131)
	at org.openqa.selenium.support.PageFactory.initElements(PageFactory.java:64)
	at framework.pages.navigation.Navigation.<init>(Navigation.java:44)
	at sun.reflect.GeneratedConstructorAccessor10.newInstance(Unknown Source)
	at sun.reflect.DelegatingConstructorAccessorImpl.newInstance(DelegatingConstructorAccessorImpl.java:45)
	at java.lang.reflect.Constructor.newInstance(Constructor.java:423)
	at java.lang.Class.newInstance(Class.java:442)
	at org.openqa.selenium.support.PageFactory.instantiatePage(PageFactory.java:131)
	at org.openqa.selenium.support.PageFactory.initElements(PageFactory.java:64)
	at framework.pages.navigation.Navigation.<init>(Navigation.java:44)
	at sun.reflect.GeneratedConstructorAccessor10.newInstance(Unknown Source)
	at sun.reflect.DelegatingConstructorAccessorImpl.newInstance(DelegatingConstructorAccessorImpl.java:45)
	at java.lang.reflect.Constructor.newInstance(Constructor.java:423)
	at java.lang.Class.newInstance(Class.java:442)
	at org.openqa.selenium.support.PageFactory.instantiatePage(PageFactory.java:131)
	at org.openqa.selenium.support.PageFactory.initElements(PageFactory.java:64)
	at framework.pages.navigation.Navigation.<init>(Navigation.java:44)
	at sun.reflect.GeneratedConstructorAccessor10.newInstance(Unknown Source)
	at sun.reflect.DelegatingConstructorAccessorImpl.newInstance(DelegatingConstructorAccessorImpl.java:45)
	at java.lang.reflect.Constructor.newInstance(Constructor.java:423)
	at java.lang.Class.newInstance(Class.java:442)
	at org.openqa.selenium.support.PageFactory.instantiatePage(PageFactory.java:131)
	at org.openqa.selenium.support.PageFactory.initElements(PageFactory.java:64)
	at framework.pages.navigation.Navigation.<init>(Navigation.java:44)
	at sun.reflect.GeneratedConstructorAccessor10.newInstance(Unknown Source)
	at sun.reflect.DelegatingConstructorAccessorImpl.newInstance(DelegatingConstructorAccessorImpl.java:45)
	at java.lang.reflect.Constructor.newInstance(Constructor.java:423)
	at java.lang.Class.newInstance(Class.java:442)
	at org.openqa.selenium.support.PageFactory.instantiatePage(PageFactory.java:131)
	at org.openqa.selenium.support.PageFactory.initElements(PageFactory.java:64)
	at framework.pages.navigation.Navigation.<init>(Navigation.java:44)
	at sun.reflect.GeneratedConstructorAccessor10.newInstance(Unknown Source)
	at sun.reflect.DelegatingConstructorAccessorImpl.newInstance(DelegatingConstructorAccessorImpl.java:45)
	at java.lang.reflect.Constructor.newInstance(Constructor.java:423)
	at java.lang.Class.newInstance(Class.java:442)
	at org.openqa.selenium.support.PageFactory.instantiatePage(PageFactory.java:131)
	at org.openqa.selenium.support.PageFactory.initElements(PageFactory.java:64)
	at framework.pages.navigation.Navigation.<init>(Navigation.java:44)
	at sun.reflect.GeneratedConstructorAccessor10.newInstance(Unknown Source)
	at sun.reflect.DelegatingConstructorAccessorImpl.newInstance(DelegatingConstructorAccessorImpl.java:45)
	at java.lang.reflect.Constructor.newInstance(Constructor.java:423)
	at java.lang.Class.newInstance(Class.java:442)
	at org.openqa.selenium.support.PageFactory.instantiatePage(PageFactory.java:131)
	at org.openqa.selenium.support.PageFactory.initElements(PageFactory.java:64)
	at framework.pages.navigation.Navigation.<init>(Navigation.java:44)
	at sun.reflect.GeneratedConstructorAccessor10.newInstance(Unknown Source)
	at sun.reflect.DelegatingConstructorAccessorImpl.newInstance(DelegatingConstructorAccessorImpl.java:45)
	at java.lang.reflect.Constructor.newInstance(Constructor.java:423)
	at java.lang.Class.newInstance(Class.java:442)
	at org.openqa.selenium.support.PageFactory.instantiatePage(PageFactory.java:131)
	at org.openqa.selenium.support.PageFactory.initElements(PageFactory.java:64)
	at framework.pages.navigation.Navigation.<init>(Navigation.java:44)
	at sun.reflect.GeneratedConstructorAccessor10.newInstance(Unknown Source)
	at sun.reflect.DelegatingConstructorAccessorImpl.newInstance(DelegatingConstructorAccessorImpl.java:45)
	at java.lang.reflect.Constructor.newInstance(Constructor.java:423)
	at java.lang.Class.newInstance(Class.java:442)
	at org.openqa.selenium.support.PageFactory.instantiatePage(PageFactory.java:131)
	at org.openqa.selenium.support.PageFactory.initElements(PageFactory.java:64)
	at framework.pages.navigation.Navigation.<init>(Navigation.java:44)
	at sun.reflect.GeneratedConstructorAccessor10.newInstance(Unknown Source)
	at sun.reflect.DelegatingConstructorAccessorImpl.newInstance(DelegatingConstructorAccessorImpl.java:45)
	at java.lang.reflect.Constructor.newInstance(Constructor.java:423)
	at java.lang.Class.newInstance(Class.java:442)
	at org.openqa.selenium.support.PageFactory.instantiatePage(PageFactory.java:131)
	at org.openqa.selenium.support.PageFactory.initElements(PageFactory.java:64)
	at framework.pages.navigation.Navigation.<init>(Navigation.java:44)
	at sun.reflect.GeneratedConstructorAccessor10.newInstance(Unknown Source)
	at sun.reflect.DelegatingConstructorAccessorImpl.newInstance(DelegatingConstructorAccessorImpl.java:45)
	at java.lang.reflect.Constructor.newInstance(Constructor.java:423)
	at java.lang.Class.newInstance(Class.java:442)
	at org.openqa.selenium.support.PageFactory.instantiatePage(PageFactory.java:131)
	at org.openqa.selenium.support.PageFactory.initElements(PageFactory.java:64)
	at framework.pages.navigation.Navigation.<init>(Navigation.java:44)
	at sun.reflect.GeneratedConstructorAccessor10.newInstance(Unknown Source)
	at sun.reflect.DelegatingConstructorAccessorImpl.newInstance(DelegatingConstructorAccessorImpl.java:45)
	at java.lang.reflect.Constructor.newInstance(Constructor.java:423)
	at java.lang.Class.newInstance(Class.java:442)
	at org.openqa.selenium.support.PageFactory.instantiatePage(PageFactory.java:131)
	at org.openqa.selenium.support.PageFactory.initElements(PageFactory.java:64)
	at framework.pages.navigation.Navigation.<init>(Navigation.java:44)
	at sun.reflect.GeneratedConstructorAccessor10.newInstance(Unknown Source)
	at sun.reflect.DelegatingConstructorAccessorImpl.newInstance(DelegatingConstructorAccessorImpl.java:45)
	at java.lang.reflect.Constructor.newInstance(Constructor.java:423)
	at java.lang.Class.newInstance(Class.java:442)
	at org.openqa.selenium.support.PageFactory.instantiatePage(PageFactory.java:131)
	at org.openqa.selenium.support.PageFactory.initElements(PageFactory.java:64)
	at framework.pages.navigation.Navigation.<init>(Navigation.java:44)
	at sun.reflect.GeneratedConstructorAccessor10.newInstance(Unknown Source)
	at sun.reflect.DelegatingConstructorAccessorImpl.newInstance(DelegatingConstructorAccessorImpl.java:45)
	at java.lang.reflect.Constructor.newInstance(Constructor.java:423)
	at java.lang.Class.newInstance(Class.java:442)
	at org.openqa.selenium.support.PageFactory.instantiatePage(PageFactory.java:131)
	at org.openqa.selenium.support.PageFactory.initElements(PageFactory.java:64)
	at framework.pages.navigation.Navigation.<init>(Navigation.java:44)
	at sun.reflect.GeneratedConstructorAccessor10.newInstance(Unknown Source)
	at sun.reflect.DelegatingConstructorAccessorImpl.newInstance(DelegatingConstructorAccessorImpl.java:45)
	at java.lang.reflect.Constructor.newInstance(Constructor.java:423)
	at java.lang.Class.newInstance(Class.java:442)
	at org.openqa.selenium.support.PageFactory.instantiatePage(PageFactory.java:131)
	at org.openqa.selenium.support.PageFactory.initElements(PageFactory.java:64)
	at framework.pages.navigation.Navigation.<init>(Navigation.java:44)
	at sun.reflect.GeneratedConstructorAccessor10.newInstance(Unknown Source)
	at sun.reflect.DelegatingConstructorAccessorImpl.newInstance(DelegatingConstructorAccessorImpl.java:45)
	at java.lang.reflect.Constructor.newInstance(Constructor.java:423)
	at java.lang.Class.newInstance(Class.java:442)
	at org.openqa.selenium.support.PageFactory.instantiatePage(PageFactory.java:131)
	at org.openqa.selenium.support.PageFactory.initElements(PageFactory.java:64)
	at framework.pages.navigation.Navigation.<init>(Navigation.java:44)
	at sun.reflect.GeneratedConstructorAccessor10.newInstance(Unknown Source)
	at sun.reflect.DelegatingConstructorAccessorImpl.newInstance(DelegatingConstructorAccessorImpl.java:45)
	at java.lang.reflect.Constructor.newInstance(Constructor.java:423)
	at java.lang.Class.newInstance(Class.java:442)
	at org.openqa.selenium.support.PageFactory.instantiatePage(PageFactory.java:131)
	at org.openqa.selenium.support.PageFactory.initElements(PageFactory.java:64)
	at framework.pages.navigation.Navigation.<init>(Navigation.java:44)
	at sun.reflect.GeneratedConstructorAccessor10.newInstance(Unknown Source)
	at sun.reflect.DelegatingConstructorAccessorImpl.newInstance(DelegatingConstructorAccessorImpl.java:45)
	at java.lang.reflect.Constructor.newInstance(Constructor.java:423)
	at java.lang.Class.newInstance(Class.java:442)
	at org.openqa.selenium.support.PageFactory.instantiatePage(PageFactory.java:131)
	at org.openqa.selenium.support.PageFactory.initElements(PageFactory.java:64)
	at framework.pages.navigation.Navigation.<init>(Navigation.java:44)
	at sun.reflect.GeneratedConstructorAccessor10.newInstance(Unknown Source)
	at sun.reflect.DelegatingConstructorAccessorImpl.newInstance(DelegatingConstructorAccessorImpl.java:45)
	at java.lang.reflect.Constructor.newInstance(Constructor.java:423)
	at java.lang.Class.newInstance(Class.java:442)
	at org.openqa.selenium.support.PageFactory.instantiatePage(PageFactory.java:131)
	at org.openqa.selenium.support.PageFactory.initElements(PageFactory.java:64)
	at framework.pages.navigation.Navigation.<init>(Navigation.java:44)
	at sun.reflect.GeneratedConstructorAccessor10.newInstance(Unknown Source)
	at sun.reflect.DelegatingConstructorAccessorImpl.newInstance(DelegatingConstructorAccessorImpl.java:45)
	at java.lang.reflect.Constructor.newInstance(Constructor.java:423)
	at java.lang.Class.newInstance(Class.java:442)
	at org.openqa.selenium.support.PageFactory.instantiatePage(PageFactory.java:131)
	at org.openqa.selenium.support.PageFactory.initElements(PageFactory.java:64)
	at framework.pages.navigation.Navigation.<init>(Navigation.java:44)
	at sun.reflect.GeneratedConstructorAccessor10.newInstance(Unknown Source)
	at sun.reflect.DelegatingConstructorAccessorImpl.newInstance(DelegatingConstructorAccessorImpl.java:45)
	at java.lang.reflect.Constructor.newInstance(Constructor.java:423)
	at java.lang.Class.newInstance(Class.java:442)
	at org.openqa.selenium.support.PageFactory.instantiatePage(PageFactory.java:131)
	at org.openqa.selenium.support.PageFactory.initElements(PageFactory.java:64)
	at framework.pages.navigation.Navigation.<init>(Navigation.java:44)
	at sun.reflect.GeneratedConstructorAccessor10.newInstance(Unknown Source)
	at sun.reflect.DelegatingConstructorAccessorImpl.newInstance(DelegatingConstructorAccessorImpl.java:45)
	at java.lang.reflect.Constructor.newInstance(Constructor.java:423)
	at java.lang.Class.newInstance(Class.java:442)
	at org.openqa.selenium.support.PageFactory.instantiatePage(PageFactory.java:131)
	at org.openqa.selenium.support.PageFactory.initElements(PageFactory.java:64)
	at framework.pages.navigation.Navigation.<init>(Navigation.java:44)
	at sun.reflect.GeneratedConstructorAccessor10.newInstance(Unknown Source)
	at sun.reflect.DelegatingConstructorAccessorImpl.newInstance(DelegatingConstructorAccessorImpl.java:45)
	at java.lang.reflect.Constructor.newInstance(Constructor.java:423)
	at java.lang.Class.newInstance(Class.java:442)
	at org.openqa.selenium.support.PageFactory.instantiatePage(PageFactory.java:131)
	at org.openqa.selenium.support.PageFactory.initElements(PageFactory.java:64)
	at framework.pages.navigation.Navigation.<init>(Navigation.java:44)
	at sun.reflect.GeneratedConstructorAccessor10.newInstance(Unknown Source)
	at sun.reflect.DelegatingConstructorAccessorImpl.newInstance(DelegatingConstructorAccessorImpl.java:45)
	at java.lang.reflect.Constructor.newInstance(Constructor.java:423)
	at java.lang.Class.newInstance(Class.java:442)
	at org.openqa.selenium.support.PageFactory.instantiatePage(PageFactory.java:131)
	at org.openqa.selenium.support.PageFactory.initElements(PageFactory.java:64)
	at framework.pages.navigation.Navigation.<init>(Navigation.java:44)
	at sun.reflect.GeneratedConstructorAccessor10.newInstance(Unknown Source)
	at sun.reflect.DelegatingConstructorAccessorImpl.newInstance(DelegatingConstructorAccessorImpl.java:45)
	at java.lang.reflect.Constructor.newInstance(Constructor.java:423)
	at java.lang.Class.newInstance(Class.java:442)
	at org.openqa.selenium.support.PageFactory.instantiatePage(PageFactory.java:131)
	at org.openqa.selenium.support.PageFactory.initElements(PageFactory.java:64)
	at framework.pages.navigation.Navigation.<init>(Navigation.java:44)
	at sun.reflect.GeneratedConstructorAccessor10.newInstance(Unknown Source)
	at sun.reflect.DelegatingConstructorAccessorImpl.newInstance(DelegatingConstructorAccessorImpl.java:45)
	at java.lang.reflect.Constructor.newInstance(Constructor.java:423)
	at java.lang.Class.newInstance(Class.java:442)
	at org.openqa.selenium.support.PageFactory.instantiatePage(PageFactory.java:131)
	at org.openqa.selenium.support.PageFactory.initElements(PageFactory.java:64)
	at framework.pages.navigation.Navigation.<init>(Navigation.java:44)
	at sun.reflect.GeneratedConstructorAccessor10.newInstance(Unknown Source)
	at sun.reflect.DelegatingConstructorAccessorImpl.newInstance(DelegatingConstructorAccessorImpl.java:45)
	at java.lang.reflect.Constructor.newInstance(Constructor.java:423)
	at java.lang.Class.newInstance(Class.java:442)
	at org.openqa.selenium.support.PageFactory.instantiatePage(PageFactory.java:131)
	at org.openqa.selenium.support.PageFactory.initElements(PageFactory.java:64)
	at framework.pages.navigation.Navigation.<init>(Navigation.java:44)
	at sun.reflect.GeneratedConstructorAccessor10.newInstance(Unknown Source)
	at sun.reflect.DelegatingConstructorAccessorImpl.newInstance(DelegatingConstructorAccessorImpl.java:45)
	at java.lang.reflect.Constructor.newInstance(Constructor.java:423)
	at java.lang.Class.newInstance(Class.java:442)
	at org.openqa.selenium.support.PageFactory.instantiatePage(PageFactory.java:131)
	at org.openqa.selenium.support.PageFactory.initElements(PageFactory.java:64)
	at framework.pages.navigation.Navigation.<init>(Navigation.java:44)
	at sun.reflect.GeneratedConstructorAccessor10.newInstance(Unknown Source)
	at sun.reflect.DelegatingConstructorAccessorImpl.newInstance(DelegatingConstructorAccessorImpl.java:45)
	at java.lang.reflect.Constructor.newInstance(Constructor.java:423)
	at java.lang.Class.newInstance(Class.java:442)
	at org.openqa.selenium.support.PageFactory.instantiatePage(PageFactory.java:131)
	at org.openqa.selenium.support.PageFactory.initElements(PageFactory.java:64)
	at framework.pages.navigation.Navigation.<init>(Navigation.java:44)
	at sun.reflect.GeneratedConstructorAccessor10.newInstance(Unknown Source)
	at sun.reflect.DelegatingConstructorAccessorImpl.newInstance(DelegatingConstructorAccessorImpl.java:45)
	at java.lang.reflect.Constructor.newInstance(Constructor.java:423)
	at java.lang.Class.newInstance(Class.java:442)
	at org.openqa.selenium.support.PageFactory.instantiatePage(PageFactory.java:131)
	at org.openqa.selenium.support.PageFactory.initElements(PageFactory.java:64)
	at framework.pages.navigation.Navigation.<init>(Navigation.java:44)
	at sun.reflect.GeneratedConstructorAccessor10.newInstance(Unknown Source)
	at sun.reflect.DelegatingConstructorAccessorImpl.newInstance(DelegatingConstructorAccessorImpl.java:45)
	at java.lang.reflect.Constructor.newInstance(Constructor.java:423)
	at java.lang.Class.newInstance(Class.java:442)
	at org.openqa.selenium.support.PageFactory.instantiatePage(PageFactory.java:131)
	at org.openqa.selenium.support.PageFactory.initElements(PageFactory.java:64)
	at framework.pages.navigation.Navigation.<init>(Navigation.java:44)
	at sun.reflect.GeneratedConstructorAccessor10.newInstance(Unknown Source)
	at sun.reflect.DelegatingConstructorAccessorImpl.newInstance(DelegatingConstructorAccessorImpl.java:45)
	at java.lang.reflect.Constructor.newInstance(Constructor.java:423)
	at java.lang.Class.newInstance(Class.java:442)
	at org.openqa.selenium.support.PageFactory.instantiatePage(PageFactory.java:131)
	at org.openqa.selenium.support.PageFactory.initElements(PageFactory.java:64)
	at framework.pages.navigation.Navigation.<init>(Navigation.java:44)
	at sun.reflect.GeneratedConstructorAccessor10.newInstance(Unknown Source)
	at sun.reflect.DelegatingConstructorAccessorImpl.newInstance(DelegatingConstructorAccessorImpl.java:45)
	at java.lang.reflect.Constructor.newInstance(Constructor.java:423)
	at java.lang.Class.newInstance(Class.java:442)
	at org.openqa.selenium.support.PageFactory.instantiatePage(PageFactory.java:131)
	at org.openqa.selenium.support.PageFactory.initElements(PageFactory.java:64)
	at framework.pages.navigation.Navigation.<init>(Navigation.java:44)
	at sun.reflect.GeneratedConstructorAccessor10.newInstance(Unknown Source)
	at sun.reflect.DelegatingConstructorAccessorImpl.newInstance(DelegatingConstructorAccessorImpl.java:45)
	at java.lang.reflect.Constructor.newInstance(Constructor.java:423)
	at java.lang.Class.newInstance(Class.java:442)
	at org.openqa.selenium.support.PageFactory.instantiatePage(PageFactory.java:131)
	at org.openqa.selenium.support.PageFactory.initElements(PageFactory.java:64)
	at framework.pages.navigation.Navigation.<init>(Navigation.java:44)
	at sun.reflect.GeneratedConstructorAccessor10.newInstance(Unknown Source)
	at sun.reflect.DelegatingConstructorAccessorImpl.newInstance(DelegatingConstructorAccessorImpl.java:45)
	at java.lang.reflect.Constructor.newInstance(Constructor.java:423)
	at java.lang.Class.newInstance(Class.java:442)
	at org.openqa.selenium.support.PageFactory.instantiatePage(PageFactory.java:131)
	at org.openqa.selenium.support.PageFactory.initElements(PageFactory.java:64)
	at framework.pages.navigation.Navigation.<init>(Navigation.java:44)
	at sun.reflect.GeneratedConstructorAccessor10.newInstance(Unknown Source)
	at sun.reflect.DelegatingConstructorAccessorImpl.newInstance(DelegatingConstructorAccessorImpl.java:45)
	at java.lang.reflect.Constructor.newInstance(Constructor.java:423)
	at java.lang.Class.newInstance(Class.java:442)
	at org.openqa.selenium.support.PageFactory.instantiatePage(PageFactory.java:131)
	at org.openqa.selenium.support.PageFactory.initElements(PageFactory.java:64)
	at framework.pages.navigation.Navigation.<init>(Navigation.java:44)
	at sun.reflect.GeneratedConstructorAccessor10.newInstance(Unknown Source)
	at sun.reflect.DelegatingConstructorAccessorImpl.newInstance(DelegatingConstructorAccessorImpl.java:45)
	at java.lang.reflect.Constructor.newInstance(Constructor.java:423)
	at java.lang.Class.newInstance(Class.java:442)
	at org.openqa.selenium.support.PageFactory.instantiatePage(PageFactory.java:131)
	at org.openqa.selenium.support.PageFactory.initElements(PageFactory.java:64)
	at framework.pages.navigation.Navigation.<init>(Navigation.java:44)
	at sun.reflect.GeneratedConstructorAccessor10.newInstance(Unknown Source)
	at sun.reflect.DelegatingConstructorAccessorImpl.newInstance(DelegatingConstructorAccessorImpl.java:45)
	at java.lang.reflect.Constructor.newInstance(Constructor.java:423)
	at java.lang.Class.newInstance(Class.java:442)
	at org.openqa.selenium.support.PageFactory.instantiatePage(PageFactory.java:131)
	at org.openqa.selenium.support.PageFactory.initElements(PageFactory.java:64)
	at framework.pages.navigation.Navigation.<init>(Navigation.java:44)
	at sun.reflect.GeneratedConstructorAccessor10.newInstance(Unknown Source)
	at sun.reflect.DelegatingConstructorAccessorImpl.newInstance(DelegatingConstructorAccessorImpl.java:45)
	at java.lang.reflect.Constructor.newInstance(Constructor.java:423)
	at java.lang.Class.newInstance(Class.java:442)
	at org.openqa.selenium.support.PageFactory.instantiatePage(PageFactory.java:131)
	at org.openqa.selenium.support.PageFactory.initElements(PageFactory.java:64)
	at framework.pages.navigation.Navigation.<init>(Navigation.java:44)
	at sun.reflect.GeneratedConstructorAccessor10.newInstance(Unknown Source)
	at sun.reflect.DelegatingConstructorAccessorImpl.newInstance(DelegatingConstructorAccessorImpl.java:45)
	at java.lang.reflect.Constructor.newInstance(Constructor.java:423)
	at java.lang.Class.newInstance(Class.java:442)
	at org.openqa.selenium.support.PageFactory.instantiatePage(PageFactory.java:131)
	at org.openqa.selenium.support.PageFactory.initElements(PageFactory.java:64)
	at framework.pages.navigation.Navigation.<init>(Navigation.java:44)
	at sun.reflect.GeneratedConstructorAccessor10.newInstance(Unknown Source)
	at sun.reflect.DelegatingConstructorAccessorImpl.newInstance(DelegatingConstructorAccessorImpl.java:45)
	at java.lang.reflect.Constructor.newInstance(Constructor.java:423)
	at java.lang.Class.newInstance(Class.java:442)
	at org.openqa.selenium.support.PageFactory.instantiatePage(PageFactory.java:131)
	at org.openqa.selenium.support.PageFactory.initElements(PageFactory.java:64)
	at framework.pages.navigation.Navigation.<init>(Navigation.java:44)
	at sun.reflect.GeneratedConstructorAccessor10.newInstance(Unknown Source)
	at sun.reflect.DelegatingConstructorAccessorImpl.newInstance(DelegatingConstructorAccessorImpl.java:45)
	at java.lang.reflect.Constructor.newInstance(Constructor.java:423)
	at java.lang.Class.newInstance(Class.java:442)
	at org.openqa.selenium.support.PageFactory.instantiatePage(PageFactory.java:131)
	at org.openqa.selenium.support.PageFactory.initElements(PageFactory.java:64)
	at framework.pages.navigation.Navigation.<init>(Navigation.java:44)
	at sun.reflect.GeneratedConstructorAccessor10.newInstance(Unknown Source)
	at sun.reflect.DelegatingConstructorAccessorImpl.newInstance(DelegatingConstructorAccessorImpl.java:45)
	at java.lang.reflect.Constructor.newInstance(Constructor.java:423)
	at java.lang.Class.newInstance(Class.java:442)
	at org.openqa.selenium.support.PageFactory.instantiatePage(PageFactory.java:131)
	at org.openqa.selenium.support.PageFactory.initElements(PageFactory.java:64)
	at framework.pages.navigation.Navigation.<init>(Navigation.java:44)
	at sun.reflect.GeneratedConstructorAccessor10.newInstance(Unknown Source)
	at sun.reflect.DelegatingConstructorAccessorImpl.newInstance(DelegatingConstructorAccessorImpl.java:45)
	at java.lang.reflect.Constructor.newInstance(Constructor.java:423)
	at java.lang.Class.newInstance(Class.java:442)
	at org.openqa.selenium.support.PageFactory.instantiatePage(PageFactory.java:131)
	at org.openqa.selenium.support.PageFactory.initElements(PageFactory.java:64)
	at framework.pages.navigation.Navigation.<init>(Navigation.java:44)
	at sun.reflect.GeneratedConstructorAccessor10.newInstance(Unknown Source)
	at sun.reflect.DelegatingConstructorAccessorImpl.newInstance(DelegatingConstructorAccessorImpl.java:45)
	at java.lang.reflect.Constructor.newInstance(Constructor.java:423)
	at java.lang.Class.newInstance(Class.java:442)
	at org.openqa.selenium.support.PageFactory.instantiatePage(PageFactory.java:131)
	at org.openqa.selenium.support.PageFactory.initElements(PageFactory.java:64)
	at framework.pages.navigation.Navigation.<init>(Navigation.java:44)
	at sun.reflect.GeneratedConstructorAccessor10.newInstance(Unknown Source)
	at sun.reflect.DelegatingConstructorAccessorImpl.newInstance(DelegatingConstructorAccessorImpl.java:45)
	at java.lang.reflect.Constructor.newInstance(Constructor.java:423)
	at java.lang.Class.newInstance(Class.java:442)
	at org.openqa.selenium.support.PageFactory.instantiatePage(PageFactory.java:131)
	at org.openqa.selenium.support.PageFactory.initElements(PageFactory.java:64)
	at framework.pages.navigation.Navigation.<init>(Navigation.java:44)
	at sun.reflect.GeneratedConstructorAccessor10.newInstance(Unknown Source)
	at sun.reflect.DelegatingConstructorAccessorImpl.newInstance(DelegatingConstructorAccessorImpl.java:45)
	at java.lang.reflect.Constructor.newInstance(Constructor.java:423)
	at java.lang.Class.newInstance(Class.java:442)
	at org.openqa.selenium.support.PageFactory.instantiatePage(PageFactory.java:131)
	at org.openqa.selenium.support.PageFactory.initElements(PageFactory.java:64)
	at framework.pages.navigation.Navigation.<init>(Navigation.java:44)
	at sun.reflect.GeneratedConstructorAccessor10.newInstance(Unknown Source)
	at sun.reflect.DelegatingConstructorAccessorImpl.newInstance(DelegatingConstructorAccessorImpl.java:45)
	at java.lang.reflect.Constructor.newInstance(Constructor.java:423)
	at java.lang.Class.newInstance(Class.java:442)
	at org.openqa.selenium.support.PageFactory.instantiatePage(PageFactory.java:131)
	at org.openqa.selenium.support.PageFactory.initElements(PageFactory.java:64)
	at framework.pages.navigation.Navigation.<init>(Navigation.java:44)
	at sun.reflect.GeneratedConstructorAccessor10.newInstance(Unknown Source)
	at sun.reflect.DelegatingConstructorAccessorImpl.newInstance(DelegatingConstructorAccessorImpl.java:45)
	at java.lang.reflect.Constructor.newInstance(Constructor.java:423)
	at java.lang.Class.newInstance(Class.java:442)
	at org.openqa.selenium.support.PageFactory.instantiatePage(PageFactory.java:131)
	at org.openqa.selenium.support.PageFactory.initElements(PageFactory.java:64)
	at framework.pages.navigation.Navigation.<init>(Navigation.java:44)
	at sun.reflect.GeneratedConstructorAccessor10.newInstance(Unknown Source)
	at sun.reflect.DelegatingConstructorAccessorImpl.newInstance(DelegatingConstructorAccessorImpl.java:45)
	at java.lang.reflect.Constructor.newInstance(Constructor.java:423)
	at java.lang.Class.newInstance(Class.java:442)
	at org.openqa.selenium.support.PageFactory.instantiatePage(PageFactory.java:131)
	at org.openqa.selenium.support.PageFactory.initElements(PageFactory.java:64)
	at framework.pages.navigation.Navigation.<init>(Navigation.java:44)
	at sun.reflect.GeneratedConstructorAccessor10.newInstance(Unknown Source)
	at sun.reflect.DelegatingConstructorAccessorImpl.newInstance(DelegatingConstructorAccessorImpl.java:45)
	at java.lang.reflect.Constructor.newInstance(Constructor.java:423)
	at java.lang.Class.newInstance(Class.java:442)
	at org.openqa.selenium.support.PageFactory.instantiatePage(PageFactory.java:131)
	at org.openqa.selenium.support.PageFactory.initElements(PageFactory.java:64)
	at framework.pages.navigation.Navigation.<init>(Navigation.java:44)
	at sun.reflect.GeneratedConstructorAccessor10.newInstance(Unknown Source)
	at sun.reflect.DelegatingConstructorAccessorImpl.newInstance(DelegatingConstructorAccessorImpl.java:45)
	at java.lang.reflect.Constructor.newInstance(Constructor.java:423)
	at java.lang.Class.newInstance(Class.java:442)
	at org.openqa.selenium.support.PageFactory.instantiatePage(PageFactory.java:131)
	at org.openqa.selenium.support.PageFactory.initElements(PageFactory.java:64)
	at framework.pages.navigation.Navigation.<init>(Navigation.java:44)
	at sun.reflect.GeneratedConstructorAccessor10.newInstance(Unknown Source)
	at sun.reflect.DelegatingConstructorAccessorImpl.newInstance(DelegatingConstructorAccessorImpl.java:45)
	at java.lang.reflect.Constructor.newInstance(Constructor.java:423)
	at java.lang.Class.newInstance(Class.java:442)
	at org.openqa.selenium.support.PageFactory.instantiatePage(PageFactory.java:131)
	at org.openqa.selenium.support.PageFactory.initElements(PageFactory.java:64)
	at framework.pages.navigation.Navigation.<init>(Navigation.java:44)
	at sun.reflect.GeneratedConstructorAccessor10.newInstance(Unknown Source)
	at sun.reflect.DelegatingConstructorAccessorImpl.newInstance(DelegatingConstructorAccessorImpl.java:45)
	at java.lang.reflect.Constructor.newInstance(Constructor.java:423)
	at java.lang.Class.newInstance(Class.java:442)
	at org.openqa.selenium.support.PageFactory.instantiatePage(PageFactory.java:131)
	at org.openqa.selenium.support.PageFactory.initElements(PageFactory.java:64)
	at framework.pages.navigation.Navigation.<init>(Navigation.java:44)
	at sun.reflect.GeneratedConstructorAccessor10.newInstance(Unknown Source)
	at sun.reflect.DelegatingConstructorAccessorImpl.newInstance(DelegatingConstructorAccessorImpl.java:45)
	at java.lang.reflect.Constructor.newInstance(Constructor.java:423)
	at java.lang.Class.newInstance(Class.java:442)
	at org.openqa.selenium.support.PageFactory.instantiatePage(PageFactory.java:131)
	at org.openqa.selenium.support.PageFactory.initElements(PageFactory.java:64)
	at framework.pages.navigation.Navigation.<init>(Navigation.java:44)
	at sun.reflect.GeneratedConstructorAccessor10.newInstance(Unknown Source)
	at sun.reflect.DelegatingConstructorAccessorImpl.newInstance(DelegatingConstructorAccessorImpl.java:45)
	at java.lang.reflect.Constructor.newInstance(Constructor.java:423)
	at java.lang.Class.newInstance(Class.java:442)
	at org.openqa.selenium.support.PageFactory.instantiatePage(PageFactory.java:131)
	at org.openqa.selenium.support.PageFactory.initElements(PageFactory.java:64)
	at framework.pages.navigation.Navigation.<init>(Navigation.java:44)
	at sun.reflect.GeneratedConstructorAccessor10.newInstance(Unknown Source)
	at sun.reflect.DelegatingConstructorAccessorImpl.newInstance(DelegatingConstructorAccessorImpl.java:45)
	at java.lang.reflect.Constructor.newInstance(Constructor.java:423)
	at java.lang.Class.newInstance(Class.java:442)
	at org.openqa.selenium.support.PageFactory.instantiatePage(PageFactory.java:131)
	at org.openqa.selenium.support.PageFactory.initElements(PageFactory.java:64)
	at framework.pages.navigation.Navigation.<init>(Navigation.java:44)
	at sun.reflect.GeneratedConstructorAccessor10.newInstance(Unknown Source)
	at sun.reflect.DelegatingConstructorAccessorImpl.newInstance(DelegatingConstructorAccessorImpl.java:45)
	at java.lang.reflect.Constructor.newInstance(Constructor.java:423)
	at java.lang.Class.newInstance(Class.java:442)
	at org.openqa.selenium.support.PageFactory.instantiatePage(PageFactory.java:131)
	at org.openqa.selenium.support.PageFactory.initElements(PageFactory.java:64)
	at framework.pages.navigation.Navigation.<init>(Navigation.java:44)
	at sun.reflect.GeneratedConstructorAccessor10.newInstance(Unknown Source)
	at sun.reflect.DelegatingConstructorAccessorImpl.newInstance(DelegatingConstructorAccessorImpl.java:45)
	at java.lang.reflect.Constructor.newInstance(Constructor.java:423)
	at java.lang.Class.newInstance(Class.java:442)
	at org.openqa.selenium.support.PageFactory.instantiatePage(PageFactory.java:131)
	at org.openqa.selenium.support.PageFactory.initElements(PageFactory.java:64)
	at framework.pages.navigation.Navigation.<init>(Navigation.java:44)
	at sun.reflect.GeneratedConstructorAccessor10.newInstance(Unknown Source)
	at sun.reflect.DelegatingConstructorAccessorImpl.newInstance(DelegatingConstructorAccessorImpl.java:45)
	at java.lang.reflect.Constructor.newInstance(Constructor.java:423)
	at java.lang.Class.newInstance(Class.java:442)
	at org.openqa.selenium.support.PageFactory.instantiatePage(PageFactory.java:131)
	at org.openqa.selenium.support.PageFactory.initElements(PageFactory.java:64)
	at framework.pages.navigation.Navigation.<init>(Navigation.java:44)
	at sun.reflect.GeneratedConstructorAccessor10.newInstance(Unknown Source)
	at sun.reflect.DelegatingConstructorAccessorImpl.newInstance(DelegatingConstructorAccessorImpl.java:45)
	at java.lang.reflect.Constructor.newInstance(Constructor.java:423)
	at java.lang.Class.newInstance(Class.java:442)
	at org.openqa.selenium.support.PageFactory.instantiatePage(PageFactory.java:131)
	at org.openqa.selenium.support.PageFactory.initElements(PageFactory.java:64)
	at framework.pages.navigation.Navigation.<init>(Navigation.java:44)
	at sun.reflect.GeneratedConstructorAccessor10.newInstance(Unknown Source)
	at sun.reflect.DelegatingConstructorAccessorImpl.newInstance(DelegatingConstructorAccessorImpl.java:45)
	at java.lang.reflect.Constructor.newInstance(Constructor.java:423)
	at java.lang.Class.newInstance(Class.java:442)
	at org.openqa.selenium.support.PageFactory.instantiatePage(PageFactory.java:131)
	at org.openqa.selenium.support.PageFactory.initElements(PageFactory.java:64)
	at framework.pages.navigation.Navigation.<init>(Navigation.java:44)
	at sun.reflect.GeneratedConstructorAccessor10.newInstance(Unknown Source)
	at sun.reflect.DelegatingConstructorAccessorImpl.newInstance(DelegatingConstructorAccessorImpl.java:45)
	at java.lang.reflect.Constructor.newInstance(Constructor.java:423)
	at java.lang.Class.newInstance(Class.java:442)
	at org.openqa.selenium.support.PageFactory.instantiatePage(PageFactory.java:131)
	at org.openqa.selenium.support.PageFactory.initElements(PageFactory.java:64)
	at framework.pages.navigation.Navigation.<init>(Navigation.java:44)
	at sun.reflect.GeneratedConstructorAccessor10.newInstance(Unknown Source)
	at sun.reflect.DelegatingConstructorAccessorImpl.newInstance(DelegatingConstructorAccessorImpl.java:45)
	at java.lang.reflect.Constructor.newInstance(Constructor.java:423)
	at java.lang.Class.newInstance(Class.java:442)
	at org.openqa.selenium.support.PageFactory.instantiatePage(PageFactory.java:131)
	at org.openqa.selenium.support.PageFactory.initElements(PageFactory.java:64)
	at framework.pages.navigation.Navigation.<init>(Navigation.java:44)
	at sun.reflect.GeneratedConstructorAccessor10.newInstance(Unknown Source)
	at sun.reflect.DelegatingConstructorAccessorImpl.newInstance(DelegatingConstructorAccessorImpl.java:45)
	at java.lang.reflect.Constructor.newInstance(Constructor.java:423)
	at java.lang.Class.newInstance(Class.java:442)
	at org.openqa.selenium.support.PageFactory.instantiatePage(PageFactory.java:131)
	at org.openqa.selenium.support.PageFactory.initElements(PageFactory.java:64)
	at framework.pages.navigation.Navigation.<init>(Navigation.java:44)
	at sun.reflect.GeneratedConstructorAccessor10.newInstance(Unknown Source)
	at sun.reflect.DelegatingConstructorAccessorImpl.newInstance(DelegatingConstructorAccessorImpl.java:45)
	at java.lang.reflect.Constructor.newInstance(Constructor.java:423)
	at java.lang.Class.newInstance(Class.java:442)
	at org.openqa.selenium.support.PageFactory.instantiatePage(PageFactory.java:131)
	at org.openqa.selenium.support.PageFactory.initElements(PageFactory.java:64)
	at framework.pages.navigation.Navigation.<init>(Navigation.java:44)
	at sun.reflect.GeneratedConstructorAccessor10.newInstance(Unknown Source)
	at sun.reflect.DelegatingConstructorAccessorImpl.newInstance(DelegatingConstructorAccessorImpl.java:45)
	at java.lang.reflect.Constructor.newInstance(Constructor.java:423)
	at java.lang.Class.newInstance(Class.java:442)
	at org.openqa.selenium.support.PageFactory.instantiatePage(PageFactory.java:131)
	at org.openqa.selenium.support.PageFactory.initElements(PageFactory.java:64)
	at framework.pages.navigation.Navigation.<init>(Navigation.java:44)
	at sun.reflect.GeneratedConstructorAccessor10.newInstance(Unknown Source)
	at sun.reflect.DelegatingConstructorAccessorImpl.newInstance(DelegatingConstructorAccessorImpl.java:45)
	at java.lang.reflect.Constructor.newInstance(Constructor.java:423)
	at java.lang.Class.newInstance(Class.java:442)
	at org.openqa.selenium.support.PageFactory.instantiatePage(PageFactory.java:131)
	at org.openqa.selenium.support.PageFactory.initElements(PageFactory.java:64)
	at framework.pages.navigation.Navigation.<init>(Navigation.java:44)
	at sun.reflect.GeneratedConstructorAccessor10.newInstance(Unknown Source)
	at sun.reflect.DelegatingConstructorAccessorImpl.newInstance(DelegatingConstructorAccessorImpl.java:45)
	at java.lang.reflect.Constructor.newInstance(Constructor.java:423)
	at java.lang.Class.newInstance(Class.java:442)
	at org.openqa.selenium.support.PageFactory.instantiatePage(PageFactory.java:131)
	at org.openqa.selenium.support.PageFactory.initElements(PageFactory.java:64)
	at framework.pages.navigation.Navigation.<init>(Navigation.java:44)
	at sun.reflect.GeneratedConstructorAccessor10.newInstance(Unknown Source)
	at sun.reflect.DelegatingConstructorAccessorImpl.newInstance(DelegatingConstructorAccessorImpl.java:45)
	at java.lang.reflect.Constructor.newInstance(Constructor.java:423)
	at java.lang.Class.newInstance(Class.java:442)
	at org.openqa.selenium.support.PageFactory.instantiatePage(PageFactory.java:131)
	at org.openqa.selenium.support.PageFactory.initElements(PageFactory.java:64)
	at framework.pages.navigation.Navigation.<init>(Navigation.java:44)
	at sun.reflect.GeneratedConstructorAccessor10.newInstance(Unknown Source)
	at sun.reflect.DelegatingConstructorAccessorImpl.newInstance(DelegatingConstructorAccessorImpl.java:45)
	at java.lang.reflect.Constructor.newInstance(Constructor.java:423)
	at java.lang.Class.newInstance(Class.java:442)
	at org.openqa.selenium.support.PageFactory.instantiatePage(PageFactory.java:131)
	at org.openqa.selenium.support.PageFactory.initElements(PageFactory.java:64)
	at framework.pages.navigation.Navigation.<init>(Navigation.java:44)
	at sun.reflect.GeneratedConstructorAccessor10.newInstance(Unknown Source)
	at sun.reflect.DelegatingConstructorAccessorImpl.newInstance(DelegatingConstructorAccessorImpl.java:45)
	at java.lang.reflect.Constructor.newInstance(Constructor.java:423)
	at java.lang.Class.newInstance(Class.java:442)
	at org.openqa.selenium.support.PageFactory.instantiatePage(PageFactory.java:131)
	at org.openqa.selenium.support.PageFactory.initElements(PageFactory.java:64)
	at framework.pages.navigation.Navigation.<init>(Navigation.java:44)
	at sun.reflect.GeneratedConstructorAccessor10.newInstance(Unknown Source)
	at sun.reflect.DelegatingConstructorAccessorImpl.newInstance(DelegatingConstructorAccessorImpl.java:45)
	at java.lang.reflect.Constructor.newInstance(Constructor.java:423)
	at java.lang.Class.newInstance(Class.java:442)
	at org.openqa.selenium.support.PageFactory.instantiatePage(PageFactory.java:131)
	at org.openqa.selenium.support.PageFactory.initElements(PageFactory.java:64)
	at framework.pages.navigation.Navigation.<init>(Navigation.java:44)
	at sun.reflect.GeneratedConstructorAccessor10.newInstance(Unknown Source)
	at sun.reflect.DelegatingConstructorAccessorImpl.newInstance(DelegatingConstructorAccessorImpl.java:45)
	at java.lang.reflect.Constructor.newInstance(Constructor.java:423)
	at java.lang.Class.newInstance(Class.java:442)
	at org.openqa.selenium.support.PageFactory.instantiatePage(PageFactory.java:131)
	at org.openqa.selenium.support.PageFactory.initElements(PageFactory.java:64)
	at framework.pages.navigation.Navigation.<init>(Navigation.java:44)
	at sun.reflect.GeneratedConstructorAccessor10.newInstance(Unknown Source)
	at sun.reflect.DelegatingConstructorAccessorImpl.newInstance(DelegatingConstructorAccessorImpl.java:45)
	at java.lang.reflect.Constructor.newInstance(Constructor.java:423)
	at java.lang.Class.newInstance(Class.java:442)
	at org.openqa.selenium.support.PageFactory.instantiatePage(PageFactory.java:131)
	at org.openqa.selenium.support.PageFactory.initElements(PageFactory.java:64)
	at framework.pages.navigation.Navigation.<init>(Navigation.java:44)
	at sun.reflect.GeneratedConstructorAccessor10.newInstance(Unknown Source)
	at sun.reflect.DelegatingConstructorAccessorImpl.newInstance(DelegatingConstructorAccessorImpl.java:45)
	at java.lang.reflect.Constructor.newInstance(Constructor.java:423)
	at java.lang.Class.newInstance(Class.java:442)
	at org.openqa.selenium.support.PageFactory.instantiatePage(PageFactory.java:131)
	at org.openqa.selenium.support.PageFactory.initElements(PageFactory.java:64)
	at framework.pages.navigation.Navigation.<init>(Navigation.java:44)
	at sun.reflect.GeneratedConstructorAccessor10.newInstance(Unknown Source)
	at sun.reflect.DelegatingConstructorAccessorImpl.newInstance(DelegatingConstructorAccessorImpl.java:45)
	at java.lang.reflect.Constructor.newInstance(Constructor.java:423)
	at java.lang.Class.newInstance(Class.java:442)
	at org.openqa.selenium.support.PageFactory.instantiatePage(PageFactory.java:131)
	at org.openqa.selenium.support.PageFactory.initElements(PageFactory.java:64)
	at framework.pages.navigation.Navigation.<init>(Navigation.java:44)
	at sun.reflect.GeneratedConstructorAccessor10.newInstance(Unknown Source)
	at sun.reflect.DelegatingConstructorAccessorImpl.newInstance(DelegatingConstructorAccessorImpl.java:45)
	at java.lang.reflect.Constructor.newInstance(Constructor.java:423)
	at java.lang.Class.newInstance(Class.java:442)
	at org.openqa.selenium.support.PageFactory.instantiatePage(PageFactory.java:131)
	at org.openqa.selenium.support.PageFactory.initElements(PageFactory.java:64)
	at framework.pages.navigation.Navigation.<init>(Navigation.java:44)
	at sun.reflect.GeneratedConstructorAccessor10.newInstance(Unknown Source)
	at sun.reflect.DelegatingConstructorAccessorImpl.newInstance(DelegatingConstructorAccessorImpl.java:45)
	at java.lang.reflect.Constructor.newInstance(Constructor.java:423)
	at java.lang.Class.newInstance(Class.java:442)
	at org.openqa.selenium.support.PageFactory.instantiatePage(PageFactory.java:131)
	at org.openqa.selenium.support.PageFactory.initElements(PageFactory.java:64)
	at framework.pages.navigation.Navigation.<init>(Navigation.java:44)
	at sun.reflect.GeneratedConstructorAccessor10.newInstance(Unknown Source)
	at sun.reflect.DelegatingConstructorAccessorImpl.newInstance(DelegatingConstructorAccessorImpl.java:45)
	at java.lang.reflect.Constructor.newInstance(Constructor.java:423)
	at java.lang.Class.newInstance(Class.java:442)
	at org.openqa.selenium.support.PageFactory.instantiatePage(PageFactory.java:131)
	at org.openqa.selenium.support.PageFactory.initElements(PageFactory.java:64)
	at framework.pages.navigation.Navigation.<init>(Navigation.java:44)
	at sun.reflect.GeneratedConstructorAccessor10.newInstance(Unknown Source)
	at sun.reflect.DelegatingConstructorAccessorImpl.newInstance(DelegatingConstructorAccessorImpl.java:45)
	at java.lang.reflect.Constructor.newInstance(Constructor.java:423)
	at java.lang.Class.newInstance(Class.java:442)
	at org.openqa.selenium.support.PageFactory.instantiatePage(PageFactory.java:131)
	at org.openqa.selenium.support.PageFactory.initElements(PageFactory.java:64)
	at framework.pages.navigation.Navigation.<init>(Navigation.java:44)
	at sun.reflect.GeneratedConstructorAccessor10.newInstance(Unknown Source)
	at sun.reflect.DelegatingConstructorAccessorImpl.newInstance(DelegatingConstructorAccessorImpl.java:45)
	at java.lang.reflect.Constructor.newInstance(Constructor.java:423)
	at java.lang.Class.newInstance(Class.java:442)
	at org.openqa.selenium.support.PageFactory.instantiatePage(PageFactory.java:131)
	at org.openqa.selenium.support.PageFactory.initElements(PageFactory.java:64)
	at framework.pages.navigation.Navigation.<init>(Navigation.java:44)
	at sun.reflect.GeneratedConstructorAccessor10.newInstance(Unknown Source)
	at sun.reflect.DelegatingConstructorAccessorImpl.newInstance(DelegatingConstructorAccessorImpl.java:45)
	at java.lang.reflect.Constructor.newInstance(Constructor.java:423)
	at java.lang.Class.newInstance(Class.java:442)
	at org.openqa.selenium.support.PageFactory.instantiatePage(PageFactory.java:131)
	at org.openqa.selenium.support.PageFactory.initElements(PageFactory.java:64)
	at framework.pages.navigation.Navigation.<init>(Navigation.java:44)
	at sun.reflect.GeneratedConstructorAccessor10.newInstance(Unknown Source)
	at sun.reflect.DelegatingConstructorAccessorImpl.newInstance(DelegatingConstructorAccessorImpl.java:45)
	at java.lang.reflect.Constructor.newInstance(Constructor.java:423)
	at java.lang.Class.newInstance(Class.java:442)
	at org.openqa.selenium.support.PageFactory.instantiatePage(PageFactory.java:131)
	at org.openqa.selenium.support.PageFactory.initElements(PageFactory.java:64)
	at framework.pages.navigation.Navigation.<init>(Navigation.java:44)
	at sun.reflect.GeneratedConstructorAccessor10.newInstance(Unknown Source)
	at sun.reflect.DelegatingConstructorAccessorImpl.newInstance(DelegatingConstructorAccessorImpl.java:45)
	at java.lang.reflect.Constructor.newInstance(Constructor.java:423)
	at java.lang.Class.newInstance(Class.java:442)
	at org.openqa.selenium.support.PageFactory.instantiatePage(PageFactory.java:131)
	at org.openqa.selenium.support.PageFactory.initElements(PageFactory.java:64)
	at framework.pages.navigation.Navigation.<init>(Navigation.java:44)
	at sun.reflect.GeneratedConstructorAccessor10.newInstance(Unknown Source)
	at sun.reflect.DelegatingConstructorAccessorImpl.newInstance(DelegatingConstructorAccessorImpl.java:45)
	at java.lang.reflect.Constructor.newInstance(Constructor.java:423)
	at java.lang.Class.newInstance(Class.java:442)
	at org.openqa.selenium.support.PageFactory.instantiatePage(PageFactory.java:131)
	at org.openqa.selenium.support.PageFactory.initElements(PageFactory.java:64)
	at framework.pages.navigation.Navigation.<init>(Navigation.java:44)
	at sun.reflect.GeneratedConstructorAccessor10.newInstance(Unknown Source)
	at sun.reflect.DelegatingConstructorAccessorImpl.newInstance(DelegatingConstructorAccessorImpl.java:45)
	at java.lang.reflect.Constructor.newInstance(Constructor.java:423)
	at java.lang.Class.newInstance(Class.java:442)
	at org.openqa.selenium.support.PageFactory.instantiatePage(PageFactory.java:131)
	at org.openqa.selenium.support.PageFactory.initElements(PageFactory.java:64)
	at framework.pages.navigation.Navigation.<init>(Navigation.java:44)
	at sun.reflect.GeneratedConstructorAccessor10.newInstance(Unknown Source)
	at sun.reflect.DelegatingConstructorAccessorImpl.newInstance(DelegatingConstructorAccessorImpl.java:45)
	at java.lang.reflect.Constructor.newInstance(Constructor.java:423)
	at java.lang.Class.newInstance(Class.java:442)
	at org.openqa.selenium.support.PageFactory.instantiatePage(PageFactory.java:131)
	at org.openqa.selenium.support.PageFactory.initElements(PageFactory.java:64)
	at framework.pages.navigation.Navigation.<init>(Navigation.java:44)
	at sun.reflect.GeneratedConstructorAccessor10.newInstance(Unknown Source)
	at sun.reflect.DelegatingConstructorAccessorImpl.newInstance(DelegatingConstructorAccessorImpl.java:45)
	at java.lang.reflect.Constructor.newInstance(Constructor.java:423)
	at java.lang.Class.newInstance(Class.java:442)
	at org.openqa.selenium.support.PageFactory.instantiatePage(PageFactory.java:131)
	at org.openqa.selenium.support.PageFactory.initElements(PageFactory.java:64)
	at framework.pages.navigation.Navigation.<init>(Navigation.java:44)
	at sun.reflect.GeneratedConstructorAccessor10.newInstance(Unknown Source)
	at sun.reflect.DelegatingConstructorAccessorImpl.newInstance(DelegatingConstructorAccessorImpl.java:45)
	at java.lang.reflect.Constructor.newInstance(Constructor.java:423)
	at java.lang.Class.newInstance(Class.java:442)
	at org.openqa.selenium.support.PageFactory.instantiatePage(PageFactory.java:131)
	at org.openqa.selenium.support.PageFactory.initElements(PageFactory.java:64)
	at framework.pages.navigation.Navigation.<init>(Navigation.java:44)
	at sun.reflect.GeneratedConstructorAccessor10.newInstance(Unknown Source)
	at sun.reflect.DelegatingConstructorAccessorImpl.newInstance(DelegatingConstructorAccessorImpl.java:45)
	at java.lang.reflect.Constructor.newInstance(Constructor.java:423)
	at java.lang.Class.newInstance(Class.java:442)
	at org.openqa.selenium.support.PageFactory.instantiatePage(PageFactory.java:131)
	at org.openqa.selenium.support.PageFactory.initElements(PageFactory.java:64)
	at framework.pages.navigation.Navigation.<init>(Navigation.java:44)
	at sun.reflect.GeneratedConstructorAccessor10.newInstance(Unknown Source)
	at sun.reflect.DelegatingConstructorAccessorImpl.newInstance(DelegatingConstructorAccessorImpl.java:45)
	at java.lang.reflect.Constructor.newInstance(Constructor.java:423)
	at java.lang.Class.newInstance(Class.java:442)
	at org.openqa.selenium.support.PageFactory.instantiatePage(PageFactory.java:131)
	at org.openqa.selenium.support.PageFactory.initElements(PageFactory.java:64)
	at framework.pages.navigation.Navigation.<init>(Navigation.java:44)
	at sun.reflect.GeneratedConstructorAccessor10.newInstance(Unknown Source)
	at sun.reflect.DelegatingConstructorAccessorImpl.newInstance(DelegatingConstructorAccessorImpl.java:45)
	at java.lang.reflect.Constructor.newInstance(Constructor.java:423)
	at java.lang.Class.newInstance(Class.java:442)
	at org.openqa.selenium.support.PageFactory.instantiatePage(PageFactory.java:131)
	at org.openqa.selenium.support.PageFactory.initElements(PageFactory.java:64)
	at framework.pages.navigation.Navigation.<init>(Navigation.java:44)
	at sun.reflect.GeneratedConstructorAccessor10.newInstance(Unknown Source)
	at sun.reflect.DelegatingConstructorAccessorImpl.newInstance(DelegatingConstructorAccessorImpl.java:45)
	at java.lang.reflect.Constructor.newInstance(Constructor.java:423)
	at java.lang.Class.newInstance(Class.java:442)
	at org.openqa.selenium.support.PageFactory.instantiatePage(PageFactory.java:131)
	at org.openqa.selenium.support.PageFactory.initElements(PageFactory.java:64)
	at framework.pages.navigation.Navigation.<init>(Navigation.java:44)
	at sun.reflect.GeneratedConstructorAccessor10.newInstance(Unknown Source)
	at sun.reflect.DelegatingConstructorAccessorImpl.newInstance(DelegatingConstructorAccessorImpl.java:45)
	at java.lang.reflect.Constructor.newInstance(Constructor.java:423)
	at java.lang.Class.newInstance(Class.java:442)
	at org.openqa.selenium.support.PageFactory.instantiatePage(PageFactory.java:131)
	at org.openqa.selenium.support.PageFactory.initElements(PageFactory.java:64)
	at framework.pages.navigation.Navigation.<init>(Navigation.java:44)
	at sun.reflect.GeneratedConstructorAccessor10.newInstance(Unknown Source)
]]>
    </failure>
  </testcase> <!-- LoginTest -->
</testsuite> <!-- TestLQAS -->
