<?xml version="1.0" encoding="UTF-8"?>
<testng-results skipped="0" failed="0" ignored="0" total="1" passed="1">
  <reporter-output>
  </reporter-output>
  <suite name="FrameworkTest" duration-ms="21232" started-at="2017-04-07T16:06:29Z" finished-at="2017-04-07T16:06:50Z">
    <groups>
    </groups>
    <test name="TestLQAS" duration-ms="21232" started-at="2017-04-07T16:06:29Z" finished-at="2017-04-07T16:06:50Z">
      <class name="homepage.HomePageTest">
        <test-method status="PASS" signature="setup(java.lang.String)[pri:0, instance:homepage.HomePageTest@2b877a54]" name="setup" is-config="true" duration-ms="19890" started-at="2017-04-07T19:06:29Z" finished-at="2017-04-07T19:06:49Z">
          <params>
            <param index="0">
              <value>
                <![CDATA[firefox]]>
              </value>
            </param>
          </params>
          <reporter-output>
          </reporter-output>
        </test-method> <!-- setup -->
        <test-method status="PASS" signature="pricingTitleTest()[pri:0, instance:homepage.HomePageTest@2b877a54]" name="pricingTitleTest" duration-ms="379" started-at="2017-04-07T19:06:49Z" finished-at="2017-04-07T19:06:49Z">
          <reporter-output>
          </reporter-output>
        </test-method> <!-- pricingTitleTest -->
      </class> <!-- homepage.HomePageTest -->
    </test> <!-- TestLQAS -->
  </suite> <!-- FrameworkTest -->
</testng-results>
